c:\users\ledun\desktop\bignumber\bignumber\debug\bignumber.pch
c:\users\ledun\desktop\bignumber\bignumber\debug\vc142.pdb
c:\users\ledun\desktop\bignumber\bignumber\debug\vc142.idb
c:\users\ledun\desktop\bignumber\bignumber\debug\pch.obj
c:\users\ledun\desktop\bignumber\bignumber\debug\utils.obj
c:\users\ledun\desktop\bignumber\bignumber\debug\qint.obj
c:\users\ledun\desktop\bignumber\bignumber\debug\qfloat.obj
c:\users\ledun\desktop\bignumber\bignumber\debug\convert.obj
c:\users\ledun\desktop\bignumber\bignumber\debug\bitprocess.obj
c:\users\ledun\desktop\bignumber\bignumber\debug\bignumberdlg.obj
c:\users\ledun\desktop\bignumber\bignumber\debug\bignumber.obj
c:\users\ledun\desktop\bignumber\debug\bignumber.exe
c:\users\ledun\desktop\bignumber\debug\bignumber.ilk
c:\users\ledun\desktop\bignumber\debug\bignumber.pdb
c:\users\ledun\desktop\bignumber\bignumber\debug\bignumber.tlog\cl.command.1.tlog
c:\users\ledun\desktop\bignumber\bignumber\debug\bignumber.tlog\cl.read.1.tlog
c:\users\ledun\desktop\bignumber\bignumber\debug\bignumber.tlog\cl.write.1.tlog
c:\users\ledun\desktop\bignumber\bignumber\debug\bignumber.tlog\link.command.1.tlog
c:\users\ledun\desktop\bignumber\bignumber\debug\bignumber.tlog\link.read.1.tlog
c:\users\ledun\desktop\bignumber\bignumber\debug\bignumber.tlog\link.write.1.tlog
c:\users\ledun\desktop\bignumber\bignumber\debug\bignumber.tlog\rc.command.1.tlog
c:\users\ledun\desktop\bignumber\bignumber\debug\bignumber.tlog\rc.read.1.tlog
c:\users\ledun\desktop\bignumber\bignumber\debug\bignumber.tlog\rc.write.1.tlog
